<?xml version="1.0" encoding="UTF-8" ?>
<testsuite failures="0" time="0.097" errors="0" skipped="0" tests="3" name="com.seckill.service.SeckillServiceTest">
  <properties>
[...]
</properties>
  <testcase time="0" classname="com.seckill.service.SeckillServiceTest" name="testGetSeckill"/>
  <testcase time="0.09" classname="com.seckill.service.SeckillServiceTest" name="testSeckillLogic"/>
  <testcase time="0.007" classname="com.seckill.service.SeckillServiceTest" name="testGetSeckillList"/>
</testsuite>